-------------------------------------------------------------------------------
Test set: edu.osu.cs362.ShowClass_ESTest
-------------------------------------------------------------------------------
Tests run: 9, Failures: 0, Errors: 3, Skipped: 0, Time elapsed: 0.067 sec <<< FAILURE!
test00(edu.osu.cs362.ShowClass_ESTest)  Time elapsed: 0.016 sec  <<< ERROR!
java.lang.ClassCastException: java.lang.reflect.Constructor cannot be cast to java.lang.reflect.Method
	at edu.osu.cs362.ShowClass.print_method_or_constructor(ShowClass.java:98)
	at edu.osu.cs362.ShowClass.print_class(ShowClass.java:54)
	at edu.osu.cs362.ShowClass.main(ShowClass.java:17)
	at edu.osu.cs362.ShowClass_ESTest.test00(ShowClass_ESTest.java:164)
	at sun.reflect.NativeMethodAccessorImpl.invoke0(Native Method)
	at sun.reflect.NativeMethodAccessorImpl.invoke(NativeMethodAccessorImpl.java:62)
	at sun.reflect.DelegatingMethodAccessorImpl.invoke(DelegatingMethodAccessorImpl.java:43)
	at java.lang.reflect.Method.invoke(Method.java:498)
	at org.junit.runners.model.FrameworkMethod$1.runReflectiveCall(FrameworkMethod.java:50)
	at org.junit.internal.runners.model.ReflectiveCallable.run(ReflectiveCallable.java:12)
	at org.junit.runners.model.FrameworkMethod.invokeExplosively(FrameworkMethod.java:47)
	at org.junit.internal.runners.statements.InvokeMethod.evaluate(InvokeMethod.java:17)
	at org.junit.internal.runners.statements.FailOnTimeout$CallableStatement.call(FailOnTimeout.java:298)
	at org.junit.internal.runners.statements.FailOnTimeout$CallableStatement.call(FailOnTimeout.java:292)
	at java.util.concurrent.FutureTask.run(FutureTask.java:266)
	at java.lang.Thread.run(Thread.java:745)
test10(edu.osu.cs362.ShowClass_ESTest)  Time elapsed: 0 sec  <<< ERROR!
java.lang.ClassCastException: java.lang.reflect.Constructor cannot be cast to java.lang.reflect.Method
	at edu.osu.cs362.ShowClass.print_method_or_constructor(ShowClass.java:98)
	at edu.osu.cs362.ShowClass.print_class(ShowClass.java:54)
	at edu.osu.cs362.ShowClass_ESTest.test10(ShowClass_ESTest.java:548)
	at sun.reflect.NativeMethodAccessorImpl.invoke0(Native Method)
	at sun.reflect.NativeMethodAccessorImpl.invoke(NativeMethodAccessorImpl.java:62)
	at sun.reflect.DelegatingMethodAccessorImpl.invoke(DelegatingMethodAccessorImpl.java:43)
	at java.lang.reflect.Method.invoke(Method.java:498)
	at org.junit.runners.model.FrameworkMethod$1.runReflectiveCall(FrameworkMethod.java:50)
	at org.junit.internal.runners.model.ReflectiveCallable.run(ReflectiveCallable.java:12)
	at org.junit.runners.model.FrameworkMethod.invokeExplosively(FrameworkMethod.java:47)
	at org.junit.internal.runners.statements.InvokeMethod.evaluate(InvokeMethod.java:17)
	at org.junit.internal.runners.statements.FailOnTimeout$CallableStatement.call(FailOnTimeout.java:298)
	at org.junit.internal.runners.statements.FailOnTimeout$CallableStatement.call(FailOnTimeout.java:292)
	at java.util.concurrent.FutureTask.run(FutureTask.java:266)
	at java.lang.Thread.run(Thread.java:745)
test11(edu.osu.cs362.ShowClass_ESTest)  Time elapsed: 0 sec  <<< ERROR!
java.lang.ClassCastException: java.lang.reflect.Constructor cannot be cast to java.lang.reflect.Method
	at edu.osu.cs362.ShowClass.print_method_or_constructor(ShowClass.java:98)
	at edu.osu.cs362.ShowClass.print_class(ShowClass.java:54)
	at edu.osu.cs362.ShowClass_ESTest.test11(ShowClass_ESTest.java:678)
	at sun.reflect.NativeMethodAccessorImpl.invoke0(Native Method)
	at sun.reflect.NativeMethodAccessorImpl.invoke(NativeMethodAccessorImpl.java:62)
	at sun.reflect.DelegatingMethodAccessorImpl.invoke(DelegatingMethodAccessorImpl.java:43)
	at java.lang.reflect.Method.invoke(Method.java:498)
	at org.junit.runners.model.FrameworkMethod$1.runReflectiveCall(FrameworkMethod.java:50)
	at org.junit.internal.runners.model.ReflectiveCallable.run(ReflectiveCallable.java:12)
	at org.junit.runners.model.FrameworkMethod.invokeExplosively(FrameworkMethod.java:47)
	at org.junit.internal.runners.statements.InvokeMethod.evaluate(InvokeMethod.java:17)
	at org.junit.internal.runners.statements.FailOnTimeout$CallableStatement.call(FailOnTimeout.java:298)
	at org.junit.internal.runners.statements.FailOnTimeout$CallableStatement.call(FailOnTimeout.java:292)
	at java.util.concurrent.FutureTask.run(FutureTask.java:266)
	at java.lang.Thread.run(Thread.java:745)
